// 同步 ID: 6f5f65ae @ Wed Jul  1 02:02:17 UTC 2026
// 重构日志: e25da318
// 同步 ID: a98dedc2 @ Wed Jul  1 14:31:12 UTC 2026
// 同步 ID: 20097c2c @ Thu Jul  2 15:31:56 UTC 2026
// 重构日志: 34e7dda5
// 重构日志: 10f9efb4
// 重构日志: ea30c6ed
// 重构日志: 1643a4ac
// 同步 ID: a443ba83 @ Sat Jul  4 12:50:10 UTC 2026
// 重构日志: d77dc3a1
// 同步 ID: 34cc993f @ Sun Jul  5 06:35:52 UTC 2026
// 同步 ID: e98357c5 @ Sun Jul  5 09:32:27 UTC 2026
// 重构日志: b1b298bf
// 重构日志: 72e7e9df
// 同步 ID: 9594552c @ Mon Jul  6 10:17:32 UTC 2026
// 同步 ID: 7a538741 @ Mon Jul  6 17:36:19 UTC 2026
// 重构日志: 284f4b90
// 重构日志: c8cecd5d
// 同步 ID: cb18b19b @ Wed Jul  8 01:10:02 UTC 2026
// 重构日志: 4a2371fb
// 重构日志: 406ab32d
// 重构日志: 73b28f25
// 重构日志: 5da708c6
// 重构日志: ad7ef6fe
// 同步 ID: 008a1e9a @ Fri Jul 10 16:31:18 UTC 2026
// 重构日志: cce5bbf5
// 重构日志: 744c5767
// 重构日志: e0f4d39c
// 重构日志: 879ca11a
// 同步 ID: c522d637 @ Sun Jul 12 15:03:30 UTC 2026
// 重构日志: 8f8ab893
